   1              		.cpu cortex-m7
   2              		.arch armv7e-m
   3              		.fpu fpv5-d16
   4              		.eabi_attribute 28, 1
   5              		.eabi_attribute 20, 1
   6              		.eabi_attribute 21, 1
   7              		.eabi_attribute 23, 3
   8              		.eabi_attribute 24, 1
   9              		.eabi_attribute 25, 1
  10              		.eabi_attribute 26, 1
  11              		.eabi_attribute 30, 6
  12              		.eabi_attribute 34, 1
  13              		.eabi_attribute 18, 4
  14              		.file	"GetActiveApplicationMode.c"
  15              		.text
  16              	.Ltext0:
  17              		.cfi_sections	.debug_frame
  18              		.section	.text.GetActiveApplicationMode,"ax",%progbits
  19              		.align	1
  20              		.p2align 4,,15
  21              		.global	GetActiveApplicationMode
  22              		.syntax unified
  23              		.thumb
  24              		.thumb_func
  26              	GetActiveApplicationMode:
  27              	.LFB0:
  28              		.file 1 "Modules/OS/OSAL/src/GetActiveApplicationMode.c"
   1:Modules/OS/OSAL/src/GetActiveApplicationMode.c **** /* Copyright 2008, 2009 Mariano Cerdeiro
   2:Modules/OS/OSAL/src/GetActiveApplicationMode.c ****  * Copyright 2014, ACSE & CADIEEL
   3:Modules/OS/OSAL/src/GetActiveApplicationMode.c ****  *      ACSE: http://www.sase.com.ar/asociacion-civil-sistemas-embebidos/ciaa/
   4:Modules/OS/OSAL/src/GetActiveApplicationMode.c ****  *      CADIEEL: http://www.cadieel.org.ar
   5:Modules/OS/OSAL/src/GetActiveApplicationMode.c ****  *
   6:Modules/OS/OSAL/src/GetActiveApplicationMode.c ****  * This file is part of CIAA Firmware.
   7:Modules/OS/OSAL/src/GetActiveApplicationMode.c ****  *
   8:Modules/OS/OSAL/src/GetActiveApplicationMode.c ****  * Redistribution and use in source and binary forms, with or without
   9:Modules/OS/OSAL/src/GetActiveApplicationMode.c ****  * modification, are permitted provided that the following conditions are met:
  10:Modules/OS/OSAL/src/GetActiveApplicationMode.c ****  *
  11:Modules/OS/OSAL/src/GetActiveApplicationMode.c ****  * 1. Redistributions of source code must retain the above copyright notice,
  12:Modules/OS/OSAL/src/GetActiveApplicationMode.c ****  *    this list of conditions and the following disclaimer.
  13:Modules/OS/OSAL/src/GetActiveApplicationMode.c ****  *
  14:Modules/OS/OSAL/src/GetActiveApplicationMode.c ****  * 2. Redistributions in binary form must reproduce the above copyright notice,
  15:Modules/OS/OSAL/src/GetActiveApplicationMode.c ****  *    this list of conditions and the following disclaimer in the documentation
  16:Modules/OS/OSAL/src/GetActiveApplicationMode.c ****  *    and/or other materials provided with the distribution.
  17:Modules/OS/OSAL/src/GetActiveApplicationMode.c ****  *
  18:Modules/OS/OSAL/src/GetActiveApplicationMode.c ****  * 3. Neither the name of the copyright holder nor the names of its
  19:Modules/OS/OSAL/src/GetActiveApplicationMode.c ****  *    contributors may be used to endorse or promote products derived from this
  20:Modules/OS/OSAL/src/GetActiveApplicationMode.c ****  *    software without specific prior written permission.
  21:Modules/OS/OSAL/src/GetActiveApplicationMode.c ****  *
  22:Modules/OS/OSAL/src/GetActiveApplicationMode.c ****  * THIS SOFTWARE IS PROVIDED BY THE COPYRIGHT HOLDERS AND CONTRIBUTORS "AS IS"
  23:Modules/OS/OSAL/src/GetActiveApplicationMode.c ****  * AND ANY EXPRESS OR IMPLIED WARRANTIES, INCLUDING, BUT NOT LIMITED TO, THE
  24:Modules/OS/OSAL/src/GetActiveApplicationMode.c ****  * IMPLIED WARRANTIES OF MERCHANTABILITY AND FITNESS FOR A PARTICULAR PURPOSE
  25:Modules/OS/OSAL/src/GetActiveApplicationMode.c ****  * ARE DISCLAIMED. IN NO EVENT SHALL THE COPYRIGHT HOLDER OR CONTRIBUTORS BE
  26:Modules/OS/OSAL/src/GetActiveApplicationMode.c ****  * LIABLE FOR ANY DIRECT, INDIRECT, INCIDENTAL, SPECIAL, EXEMPLARY, OR
  27:Modules/OS/OSAL/src/GetActiveApplicationMode.c ****  * CONSEQUENTIAL DAMAGES (INCLUDING, BUT NOT LIMITED TO, PROCUREMENT OF
  28:Modules/OS/OSAL/src/GetActiveApplicationMode.c ****  * SUBSTITUTE GOODS OR SERVICES; LOSS OF USE, DATA, OR PROFITS; OR BUSINESS
  29:Modules/OS/OSAL/src/GetActiveApplicationMode.c ****  * INTERRUPTION) HOWEVER CAUSED AND ON ANY THEORY OF LIABILITY, WHETHER IN
  30:Modules/OS/OSAL/src/GetActiveApplicationMode.c ****  * CONTRACT, STRICT LIABILITY, OR TORT (INCLUDING NEGLIGENCE OR OTHERWISE)
  31:Modules/OS/OSAL/src/GetActiveApplicationMode.c ****  * ARISING IN ANY WAY OUT OF THE USE OF THIS SOFTWARE, EVEN IF ADVISED OF THE
  32:Modules/OS/OSAL/src/GetActiveApplicationMode.c ****  * POSSIBILITY OF SUCH DAMAGE.
  33:Modules/OS/OSAL/src/GetActiveApplicationMode.c ****  *
  34:Modules/OS/OSAL/src/GetActiveApplicationMode.c ****  */
  35:Modules/OS/OSAL/src/GetActiveApplicationMode.c **** 
  36:Modules/OS/OSAL/src/GetActiveApplicationMode.c **** /** \brief FreeOSEK Os GetActiveApplicationMode Implementation File
  37:Modules/OS/OSAL/src/GetActiveApplicationMode.c ****  **
  38:Modules/OS/OSAL/src/GetActiveApplicationMode.c ****  ** This file implements the GetActiveApplicationMode API
  39:Modules/OS/OSAL/src/GetActiveApplicationMode.c ****  **
  40:Modules/OS/OSAL/src/GetActiveApplicationMode.c ****  ** \file GetActiveApplicationMode.c
  41:Modules/OS/OSAL/src/GetActiveApplicationMode.c ****  **
  42:Modules/OS/OSAL/src/GetActiveApplicationMode.c ****  **/
  43:Modules/OS/OSAL/src/GetActiveApplicationMode.c **** 
  44:Modules/OS/OSAL/src/GetActiveApplicationMode.c **** /** \addtogroup FreeOSEK
  45:Modules/OS/OSAL/src/GetActiveApplicationMode.c ****  ** @{ */
  46:Modules/OS/OSAL/src/GetActiveApplicationMode.c **** /** \addtogroup FreeOSEK_Os
  47:Modules/OS/OSAL/src/GetActiveApplicationMode.c ****  ** @{ */
  48:Modules/OS/OSAL/src/GetActiveApplicationMode.c **** /** \addtogroup FreeOSEK_Os_Global
  49:Modules/OS/OSAL/src/GetActiveApplicationMode.c ****  ** @{ */
  50:Modules/OS/OSAL/src/GetActiveApplicationMode.c **** 
  51:Modules/OS/OSAL/src/GetActiveApplicationMode.c **** /*
  52:Modules/OS/OSAL/src/GetActiveApplicationMode.c ****  * Initials     Name
  53:Modules/OS/OSAL/src/GetActiveApplicationMode.c ****  * ---------------------------
  54:Modules/OS/OSAL/src/GetActiveApplicationMode.c ****  * MaCe         Mariano Cerdeiro
  55:Modules/OS/OSAL/src/GetActiveApplicationMode.c ****  * KLi          Kang Li
  56:Modules/OS/OSAL/src/GetActiveApplicationMode.c ****  */
  57:Modules/OS/OSAL/src/GetActiveApplicationMode.c **** 
  58:Modules/OS/OSAL/src/GetActiveApplicationMode.c **** /*
  59:Modules/OS/OSAL/src/GetActiveApplicationMode.c ****  * modification history (new versions first)
  60:Modules/OS/OSAL/src/GetActiveApplicationMode.c ****  * -----------------------------------------------------------
  61:Modules/OS/OSAL/src/GetActiveApplicationMode.c ****  * 20090128 v0.1.2 MaCe add OSEK_MEMMAP check
  62:Modules/OS/OSAL/src/GetActiveApplicationMode.c ****  * 20081113 v0.1.1 KLi  Added memory layout attribute macros
  63:Modules/OS/OSAL/src/GetActiveApplicationMode.c ****  * 20080713 v0.1.0 MaCe initial version
  64:Modules/OS/OSAL/src/GetActiveApplicationMode.c ****  */
  65:Modules/OS/OSAL/src/GetActiveApplicationMode.c **** 
  66:Modules/OS/OSAL/src/GetActiveApplicationMode.c **** /*==================[inclusions]=============================================*/
  67:Modules/OS/OSAL/src/GetActiveApplicationMode.c **** #include "Os_Internal.h"
  68:Modules/OS/OSAL/src/GetActiveApplicationMode.c **** 
  69:Modules/OS/OSAL/src/GetActiveApplicationMode.c **** /*==================[macros and definitions]=================================*/
  70:Modules/OS/OSAL/src/GetActiveApplicationMode.c **** 
  71:Modules/OS/OSAL/src/GetActiveApplicationMode.c **** /*==================[internal data declaration]==============================*/
  72:Modules/OS/OSAL/src/GetActiveApplicationMode.c **** 
  73:Modules/OS/OSAL/src/GetActiveApplicationMode.c **** /*==================[internal functions declaration]=========================*/
  74:Modules/OS/OSAL/src/GetActiveApplicationMode.c **** 
  75:Modules/OS/OSAL/src/GetActiveApplicationMode.c **** /*==================[internal data definition]===============================*/
  76:Modules/OS/OSAL/src/GetActiveApplicationMode.c **** 
  77:Modules/OS/OSAL/src/GetActiveApplicationMode.c **** /*==================[external data definition]===============================*/
  78:Modules/OS/OSAL/src/GetActiveApplicationMode.c **** 
  79:Modules/OS/OSAL/src/GetActiveApplicationMode.c **** /*==================[internal functions definition]==========================*/
  80:Modules/OS/OSAL/src/GetActiveApplicationMode.c **** 
  81:Modules/OS/OSAL/src/GetActiveApplicationMode.c **** /*==================[external functions definition]==========================*/
  82:Modules/OS/OSAL/src/GetActiveApplicationMode.c **** AppModeType GetActiveApplicationMode
  83:Modules/OS/OSAL/src/GetActiveApplicationMode.c **** (
  84:Modules/OS/OSAL/src/GetActiveApplicationMode.c **** 	void
  85:Modules/OS/OSAL/src/GetActiveApplicationMode.c **** )
  86:Modules/OS/OSAL/src/GetActiveApplicationMode.c **** {
  29              		.loc 1 86 1
  30              		.cfi_startproc
  31              		@ args = 0, pretend = 0, frame = 0
  32              		@ frame_needed = 0, uses_anonymous_args = 0
  33              		@ link register save eliminated.
  87:Modules/OS/OSAL/src/GetActiveApplicationMode.c **** 	/* \req OSEK_SYS_3.24 The system service AppModeType
  88:Modules/OS/OSAL/src/GetActiveApplicationMode.c **** 	 ** GetActiveApplicationMode ( void ) shall be defined */
  89:Modules/OS/OSAL/src/GetActiveApplicationMode.c **** 
  90:Modules/OS/OSAL/src/GetActiveApplicationMode.c **** 	/* \req OSEK_SYS_3.24.1 This service shall return the current
  91:Modules/OS/OSAL/src/GetActiveApplicationMode.c **** 	 ** application mode */
  92:Modules/OS/OSAL/src/GetActiveApplicationMode.c **** 
  93:Modules/OS/OSAL/src/GetActiveApplicationMode.c **** 	/* \req OSEK_ERR_1.1.1 The macro GetActiveApplicationMode()
  94:Modules/OS/OSAL/src/GetActiveApplicationMode.c **** 	 ** shall be provided */
  95:Modules/OS/OSAL/src/GetActiveApplicationMode.c **** 
  96:Modules/OS/OSAL/src/GetActiveApplicationMode.c **** 	return ApplicationMode;
  34              		.loc 1 96 9
  35 0000 014B     		ldr	r3, .L3
  36 0002 1B78     		ldrb	r3, [r3]	@ zero_extendqisi2
  97:Modules/OS/OSAL/src/GetActiveApplicationMode.c **** }
  37              		.loc 1 97 1
  38 0004 1846     		mov	r0, r3
  39 0006 7047     		bx	lr
  40              	.L4:
  41              		.align	2
  42              	.L3:
  43 0008 00000000 		.word	ApplicationMode
  44              		.cfi_endproc
  45              	.LFE0:
  47              		.text
  48              	.Letext0:
  49              		.file 2 "d:\\project\\9388\\e1\\2023_7_27\\sr5e1_l9388_freeosek\\tools\\toolchain\\arm\\mingw64_nt
  50              		.file 3 "d:\\project\\9388\\e1\\2023_7_27\\sr5e1_l9388_freeosek\\tools\\toolchain\\arm\\mingw64_nt
  51              		.file 4 "d:\\project\\9388\\e1\\2023_7_27\\sr5e1_l9388_freeosek\\modules\\os\\osal\\include\\Types
  52              		.file 5 "d:\\project\\9388\\e1\\2023_7_27\\sr5e1_l9388_freeosek\\modules\\os\\osal\\include\\os.h"
  53              		.file 6 "d:\\project\\9388\\e1\\2023_7_27\\sr5e1_l9388_freeosek\\modules\\os\\osal\\include\\Os_In
DEFINED SYMBOLS
                            *ABS*:00000000 GetActiveApplicationMode.c
C:\Users\AAA\AppData\Local\Temp\ccDuyIF7.s:19     .text.GetActiveApplicationMode:00000000 $t
C:\Users\AAA\AppData\Local\Temp\ccDuyIF7.s:26     .text.GetActiveApplicationMode:00000000 GetActiveApplicationMode
C:\Users\AAA\AppData\Local\Temp\ccDuyIF7.s:43     .text.GetActiveApplicationMode:00000008 $d
                           .group:00000000 wm4.0.a614e68b47a8f647caa7e8088949ad9c
                           .group:00000000 wm4.Compiler.h.37.21976e385218db9c908e92701adcc031
                           .group:00000000 wm4.Types.h.71.4412dfbb75820d0512c0e074dd5535a3
                           .group:00000000 wm4._newlib_version.h.4.bfdf54b0af045d4a71376ae00f63a22c
                           .group:00000000 wm4.features.h.33.5bd1eea2d80518b50f7af0b5ce6750e0
                           .group:00000000 wm4._default_types.h.15.247e5cd201eca3442cbf5404108c4935
                           .group:00000000 wm4._intsup.h.10.48bafbb683905c4daa4565a85aeeb264
                           .group:00000000 wm4._stdint.h.10.c24fa3af3bc1706662bb5593a907e841
                           .group:00000000 wm4.stdint.h.23.d53047a68f4a85177f80b422d52785ed
                           .group:00000000 wm4.stdbool.h.29.07dce69c3b78884144b7f7bd19483461
                           .group:00000000 wm4.Types.h.138.ef43a0c9706bafb70401eec7b92ddf85
                           .group:00000000 wm4.Os_Cfg.h.42.548617acea3b59fe3cf9fcc181c18ad9
                           .group:00000000 wm4.Os_Arch.h.93.12102c3b0d784f7b702d5066ade693b9
                           .group:00000000 wm4.os.h.87.e22781870e0c5fc4344bfdd6275b723d
                           .group:00000000 wm4.Os_Internal_Arch.h.35.0bf3ac38e9ac5f78b2da37fa4bf34633
                           .group:00000000 wm4.stddef.h.39.27677723d43e5b5a7afdf8d798429f1d
                           .group:00000000 wm4.Os_Internal_Cfg.h.41.2874541beab7667cda0284b97947e0df
                           .group:00000000 wm4.os_internal.h.84.e9d92fe93bbc56f6b3dec8f49cbfd369

UNDEFINED SYMBOLS
ApplicationMode
