   1              		.cpu cortex-m7
   2              		.arch armv7e-m
   3              		.fpu fpv5-d16
   4              		.eabi_attribute 28, 1
   5              		.eabi_attribute 20, 1
   6              		.eabi_attribute 21, 1
   7              		.eabi_attribute 23, 3
   8              		.eabi_attribute 24, 1
   9              		.eabi_attribute 25, 1
  10              		.eabi_attribute 26, 1
  11              		.eabi_attribute 30, 6
  12              		.eabi_attribute 34, 1
  13              		.eabi_attribute 18, 4
  14              		.file	"Os.c"
  15              		.text
  16              	.Ltext0:
  17              		.cfi_sections	.debug_frame
  18              		.global	SuspendOSInterrupts_Counter
  19              		.section	.bss.SuspendOSInterrupts_Counter,"aw",%nobits
  22              	SuspendOSInterrupts_Counter:
  23 0000 00       		.space	1
  24              		.global	DisableAllInterrupts_Counter
  25              		.section	.bss.DisableAllInterrupts_Counter,"aw",%nobits
  28              	DisableAllInterrupts_Counter:
  29 0000 00       		.space	1
  30              		.global	SuspendAllInterrupts_Counter
  31              		.section	.bss.SuspendAllInterrupts_Counter,"aw",%nobits
  34              	SuspendAllInterrupts_Counter:
  35 0000 00       		.space	1
  36              		.text
  37              	.Letext0:
  38              		.file 1 "e:\\project\\\270\357\302\267\\9388\\e1\\sr5e1_freeosek\\modules\\os\\osal\\include\\os.h
  39              		.file 2 "Modules/OS/OSAL/src/Os.c"
DEFINED SYMBOLS
                            *ABS*:00000000 Os.c
C:\Users\mayang\AppData\Local\Temp\ccD9u5gG.s:22     .bss.SuspendOSInterrupts_Counter:00000000 SuspendOSInterrupts_Counter
C:\Users\mayang\AppData\Local\Temp\ccD9u5gG.s:23     .bss.SuspendOSInterrupts_Counter:00000000 $d
C:\Users\mayang\AppData\Local\Temp\ccD9u5gG.s:28     .bss.DisableAllInterrupts_Counter:00000000 DisableAllInterrupts_Counter
C:\Users\mayang\AppData\Local\Temp\ccD9u5gG.s:29     .bss.DisableAllInterrupts_Counter:00000000 $d
C:\Users\mayang\AppData\Local\Temp\ccD9u5gG.s:34     .bss.SuspendAllInterrupts_Counter:00000000 SuspendAllInterrupts_Counter
C:\Users\mayang\AppData\Local\Temp\ccD9u5gG.s:35     .bss.SuspendAllInterrupts_Counter:00000000 $d
                           .group:00000000 wm4.0.a614e68b47a8f647caa7e8088949ad9c
                           .group:00000000 wm4.Compiler.h.37.21976e385218db9c908e92701adcc031
                           .group:00000000 wm4.Types.h.71.4412dfbb75820d0512c0e074dd5535a3
                           .group:00000000 wm4._newlib_version.h.4.bfdf54b0af045d4a71376ae00f63a22c
                           .group:00000000 wm4.features.h.33.5bd1eea2d80518b50f7af0b5ce6750e0
                           .group:00000000 wm4._default_types.h.15.247e5cd201eca3442cbf5404108c4935
                           .group:00000000 wm4._intsup.h.10.48bafbb683905c4daa4565a85aeeb264
                           .group:00000000 wm4._stdint.h.10.c24fa3af3bc1706662bb5593a907e841
                           .group:00000000 wm4.stdint.h.23.d53047a68f4a85177f80b422d52785ed
                           .group:00000000 wm4.stdbool.h.29.07dce69c3b78884144b7f7bd19483461
                           .group:00000000 wm4.Types.h.138.ef43a0c9706bafb70401eec7b92ddf85
                           .group:00000000 wm4.Os_Cfg.h.42.f98ddb6c09eabd8cc19e68f23d44b0c0
                           .group:00000000 wm4.Os_Arch.h.93.12102c3b0d784f7b702d5066ade693b9
                           .group:00000000 wm4.os.h.87.e22781870e0c5fc4344bfdd6275b723d
                           .group:00000000 wm4.Os_Internal_Arch.h.35.0bf3ac38e9ac5f78b2da37fa4bf34633
                           .group:00000000 wm4.stddef.h.39.27677723d43e5b5a7afdf8d798429f1d
                           .group:00000000 wm4.Os_Internal_Cfg.h.41.f859d5c928c608773179e22699004330
                           .group:00000000 wm4.os_internal.h.84.e9d92fe93bbc56f6b3dec8f49cbfd369

NO UNDEFINED SYMBOLS
