   1              		.cpu cortex-m7
   2              		.arch armv7e-m
   3              		.fpu fpv5-d16
   4              		.eabi_attribute 28, 1
   5              		.eabi_attribute 20, 1
   6              		.eabi_attribute 21, 1
   7              		.eabi_attribute 23, 3
   8              		.eabi_attribute 24, 1
   9              		.eabi_attribute 25, 1
  10              		.eabi_attribute 26, 1
  11              		.eabi_attribute 30, 6
  12              		.eabi_attribute 34, 1
  13              		.eabi_attribute 18, 4
  14              		.file	"StartOS.c"
  15              		.text
  16              	.Ltext0:
  17              		.cfi_sections	.debug_frame
  18              		.section	.text.StartOS,"ax",%progbits
  19              		.align	1
  20              		.p2align 4,,15
  21              		.global	StartOS
  22              		.syntax unified
  23              		.thumb
  24              		.thumb_func
  26              	StartOS:
  27              	.LFB0:
  28              		.file 1 "Modules/OS/OSAL/src/StartOS.c"
   1:Modules/OS/OSAL/src/StartOS.c **** /* Copyright 2008, 2009 Mariano Cerdeiro
   2:Modules/OS/OSAL/src/StartOS.c ****  * Copyright 2014, ACSE & CADIEEL
   3:Modules/OS/OSAL/src/StartOS.c ****  *      ACSE: http://www.sase.com.ar/asociacion-civil-sistemas-embebidos/ciaa/
   4:Modules/OS/OSAL/src/StartOS.c ****  *      CADIEEL: http://www.cadieel.org.ar
   5:Modules/OS/OSAL/src/StartOS.c ****  *
   6:Modules/OS/OSAL/src/StartOS.c ****  * This file is part of CIAA Firmware.
   7:Modules/OS/OSAL/src/StartOS.c ****  *
   8:Modules/OS/OSAL/src/StartOS.c ****  * Redistribution and use in source and binary forms, with or without
   9:Modules/OS/OSAL/src/StartOS.c ****  * modification, are permitted provided that the following conditions are met:
  10:Modules/OS/OSAL/src/StartOS.c ****  *
  11:Modules/OS/OSAL/src/StartOS.c ****  * 1. Redistributions of source code must retain the above copyright notice,
  12:Modules/OS/OSAL/src/StartOS.c ****  *    this list of conditions and the following disclaimer.
  13:Modules/OS/OSAL/src/StartOS.c ****  *
  14:Modules/OS/OSAL/src/StartOS.c ****  * 2. Redistributions in binary form must reproduce the above copyright notice,
  15:Modules/OS/OSAL/src/StartOS.c ****  *    this list of conditions and the following disclaimer in the documentation
  16:Modules/OS/OSAL/src/StartOS.c ****  *    and/or other materials provided with the distribution.
  17:Modules/OS/OSAL/src/StartOS.c ****  *
  18:Modules/OS/OSAL/src/StartOS.c ****  * 3. Neither the name of the copyright holder nor the names of its
  19:Modules/OS/OSAL/src/StartOS.c ****  *    contributors may be used to endorse or promote products derived from this
  20:Modules/OS/OSAL/src/StartOS.c ****  *    software without specific prior written permission.
  21:Modules/OS/OSAL/src/StartOS.c ****  *
  22:Modules/OS/OSAL/src/StartOS.c ****  * THIS SOFTWARE IS PROVIDED BY THE COPYRIGHT HOLDERS AND CONTRIBUTORS "AS IS"
  23:Modules/OS/OSAL/src/StartOS.c ****  * AND ANY EXPRESS OR IMPLIED WARRANTIES, INCLUDING, BUT NOT LIMITED TO, THE
  24:Modules/OS/OSAL/src/StartOS.c ****  * IMPLIED WARRANTIES OF MERCHANTABILITY AND FITNESS FOR A PARTICULAR PURPOSE
  25:Modules/OS/OSAL/src/StartOS.c ****  * ARE DISCLAIMED. IN NO EVENT SHALL THE COPYRIGHT HOLDER OR CONTRIBUTORS BE
  26:Modules/OS/OSAL/src/StartOS.c ****  * LIABLE FOR ANY DIRECT, INDIRECT, INCIDENTAL, SPECIAL, EXEMPLARY, OR
  27:Modules/OS/OSAL/src/StartOS.c ****  * CONSEQUENTIAL DAMAGES (INCLUDING, BUT NOT LIMITED TO, PROCUREMENT OF
  28:Modules/OS/OSAL/src/StartOS.c ****  * SUBSTITUTE GOODS OR SERVICES; LOSS OF USE, DATA, OR PROFITS; OR BUSINESS
  29:Modules/OS/OSAL/src/StartOS.c ****  * INTERRUPTION) HOWEVER CAUSED AND ON ANY THEORY OF LIABILITY, WHETHER IN
  30:Modules/OS/OSAL/src/StartOS.c ****  * CONTRACT, STRICT LIABILITY, OR TORT (INCLUDING NEGLIGENCE OR OTHERWISE)
  31:Modules/OS/OSAL/src/StartOS.c ****  * ARISING IN ANY WAY OUT OF THE USE OF THIS SOFTWARE, EVEN IF ADVISED OF THE
  32:Modules/OS/OSAL/src/StartOS.c ****  * POSSIBILITY OF SUCH DAMAGE.
  33:Modules/OS/OSAL/src/StartOS.c ****  *
  34:Modules/OS/OSAL/src/StartOS.c ****  */
  35:Modules/OS/OSAL/src/StartOS.c **** 
  36:Modules/OS/OSAL/src/StartOS.c **** /** \brief FreeOSEK Os StartOS Implementation File
  37:Modules/OS/OSAL/src/StartOS.c ****  **
  38:Modules/OS/OSAL/src/StartOS.c ****  ** This file implements the StartOS API
  39:Modules/OS/OSAL/src/StartOS.c ****  **
  40:Modules/OS/OSAL/src/StartOS.c ****  ** \file StartOS.c
  41:Modules/OS/OSAL/src/StartOS.c ****  **
  42:Modules/OS/OSAL/src/StartOS.c ****  **/
  43:Modules/OS/OSAL/src/StartOS.c **** 
  44:Modules/OS/OSAL/src/StartOS.c **** /** \addtogroup FreeOSEK
  45:Modules/OS/OSAL/src/StartOS.c ****  ** @{ */
  46:Modules/OS/OSAL/src/StartOS.c **** /** \addtogroup FreeOSEK_Os
  47:Modules/OS/OSAL/src/StartOS.c ****  ** @{ */
  48:Modules/OS/OSAL/src/StartOS.c **** /** \addtogroup FreeOSEK_Os_Global
  49:Modules/OS/OSAL/src/StartOS.c ****  ** @{ */
  50:Modules/OS/OSAL/src/StartOS.c **** 
  51:Modules/OS/OSAL/src/StartOS.c **** /*
  52:Modules/OS/OSAL/src/StartOS.c ****  * Initials     Name
  53:Modules/OS/OSAL/src/StartOS.c ****  * ---------------------------
  54:Modules/OS/OSAL/src/StartOS.c ****  * MaCe         Mariano Cerdeiro
  55:Modules/OS/OSAL/src/StartOS.c ****  * KLi          Kang Li
  56:Modules/OS/OSAL/src/StartOS.c ****  */
  57:Modules/OS/OSAL/src/StartOS.c **** 
  58:Modules/OS/OSAL/src/StartOS.c **** /*
  59:Modules/OS/OSAL/src/StartOS.c ****  * modification history (new versions first)
  60:Modules/OS/OSAL/src/StartOS.c ****  * -----------------------------------------------------------
  61:Modules/OS/OSAL/src/StartOS.c ****  * 20090418 v0.1.4 MaCe bugfix function name to StartOS
  62:Modules/OS/OSAL/src/StartOS.c ****  * 20090330 v0.1.3 MaCe use ActivateTast instead of AddReady
  63:Modules/OS/OSAL/src/StartOS.c ****  * 20090130 v0.1.2 MaCe add OSEK_MEMMAP check
  64:Modules/OS/OSAL/src/StartOS.c ****  * 20081113 v0.1.1 KLi  Added memory layout attribute macros
  65:Modules/OS/OSAL/src/StartOS.c ****  * 20080810 v0.1.0 MaCe initial version
  66:Modules/OS/OSAL/src/StartOS.c ****  */
  67:Modules/OS/OSAL/src/StartOS.c **** 
  68:Modules/OS/OSAL/src/StartOS.c **** /*==================[inclusions]=============================================*/
  69:Modules/OS/OSAL/src/StartOS.c **** #include "Os_Internal.h"
  70:Modules/OS/OSAL/src/StartOS.c **** 
  71:Modules/OS/OSAL/src/StartOS.c **** /*==================[macros and definitions]=================================*/
  72:Modules/OS/OSAL/src/StartOS.c **** 
  73:Modules/OS/OSAL/src/StartOS.c **** /*==================[internal data declaration]==============================*/
  74:Modules/OS/OSAL/src/StartOS.c **** 
  75:Modules/OS/OSAL/src/StartOS.c **** /*==================[internal functions declaration]=========================*/
  76:Modules/OS/OSAL/src/StartOS.c **** 
  77:Modules/OS/OSAL/src/StartOS.c **** /*==================[internal data definition]===============================*/
  78:Modules/OS/OSAL/src/StartOS.c **** 
  79:Modules/OS/OSAL/src/StartOS.c **** /*==================[external data definition]===============================*/
  80:Modules/OS/OSAL/src/StartOS.c **** 
  81:Modules/OS/OSAL/src/StartOS.c **** /*==================[internal functions definition]==========================*/
  82:Modules/OS/OSAL/src/StartOS.c **** 
  83:Modules/OS/OSAL/src/StartOS.c **** /*==================[external functions definition]==========================*/
  84:Modules/OS/OSAL/src/StartOS.c **** void StartOS
  85:Modules/OS/OSAL/src/StartOS.c **** (
  86:Modules/OS/OSAL/src/StartOS.c **** 	AppModeType Mode
  87:Modules/OS/OSAL/src/StartOS.c **** )
  88:Modules/OS/OSAL/src/StartOS.c **** {
  29              		.loc 1 88 1
  30              		.cfi_startproc
  31              		@ args = 0, pretend = 0, frame = 16
  32              		@ frame_needed = 0, uses_anonymous_args = 0
  33 0000 00B5     		push	{lr}
  34              		.cfi_def_cfa_offset 4
  35              		.cfi_offset 14, -4
  36 0002 85B0     		sub	sp, sp, #20
  37              		.cfi_def_cfa_offset 24
  38 0004 0346     		mov	r3, r0
  39 0006 8DF80730 		strb	r3, [sp, #7]
  89:Modules/OS/OSAL/src/StartOS.c **** 	/* \req OSEK_SYS_3.25 The system service void
  90:Modules/OS/OSAL/src/StartOS.c **** 	 ** StartOS ( AppModeType Mode ) shall be defined */
  91:Modules/OS/OSAL/src/StartOS.c **** 
  92:Modules/OS/OSAL/src/StartOS.c **** 	/* \req OSEK_SYS_3.25.1 This system service shall starts the operating
  93:Modules/OS/OSAL/src/StartOS.c **** 	 ** system */
  94:Modules/OS/OSAL/src/StartOS.c **** 	uint8f loopi;
  95:Modules/OS/OSAL/src/StartOS.c **** 	// 关中断
  96:Modules/OS/OSAL/src/StartOS.c **** 	IntSecure_Start();
  40              		.loc 1 96 2
  41 000a 2C4B     		ldr	r3, .L8
  42 000c 93F90030 		ldrsb	r3, [r3]
  43 0010 DBB2     		uxtb	r3, r3
  44 0012 0133     		adds	r3, r3, #1
  45 0014 DBB2     		uxtb	r3, r3
  46 0016 5AB2     		sxtb	r2, r3
  47 0018 284B     		ldr	r3, .L8
  48 001a 1A70     		strb	r2, [r3]
  49              		.syntax unified
  50              	@ 96 "Modules/OS/OSAL/src/StartOS.c" 1
  51 001c 72B6     		cpsid i
  52              	@ 0 "" 2
  97:Modules/OS/OSAL/src/StartOS.c **** 	
  98:Modules/OS/OSAL/src/StartOS.c **** 	// 设置应用模式
  99:Modules/OS/OSAL/src/StartOS.c **** 	/* save the aplication mode */
 100:Modules/OS/OSAL/src/StartOS.c **** 	ApplicationMode = Mode;
  53              		.loc 1 100 18
  54              		.thumb
  55              		.syntax unified
  56 001e 284A     		ldr	r2, .L8+4
  57 0020 9DF80730 		ldrb	r3, [sp, #7]
  58 0024 1370     		strb	r3, [r2]
 101:Modules/OS/OSAL/src/StartOS.c **** 
 102:Modules/OS/OSAL/src/StartOS.c **** 	/* StartOs_Arch */
 103:Modules/OS/OSAL/src/StartOS.c **** 	
 104:Modules/OS/OSAL/src/StartOS.c **** 	StartOs_Arch();
  59              		.loc 1 104 2
  60 0026 FFF7FEFF 		bl	StartOs_Arch
 105:Modules/OS/OSAL/src/StartOS.c **** 
 106:Modules/OS/OSAL/src/StartOS.c **** 
 107:Modules/OS/OSAL/src/StartOS.c **** 	/* init every task */
 108:Modules/OS/OSAL/src/StartOS.c ****    for( loopi = 0; loopi < TASKS_COUNT; loopi++)
  61              		.loc 1 108 15
  62 002a 0023     		movs	r3, #0
  63 002c 0393     		str	r3, [sp, #12]
  64              		.loc 1 108 4
  65 002e 06E0     		b	.L2
  66              	.L3:
 109:Modules/OS/OSAL/src/StartOS.c **** 	{
 110:Modules/OS/OSAL/src/StartOS.c **** 		/* \req OSEK_SYS_3.1.2-2/3 The operating system shall ensure that the task
 111:Modules/OS/OSAL/src/StartOS.c **** 		 ** code is being executed from the first statement. */
 112:Modules/OS/OSAL/src/StartOS.c **** 		SetEntryPoint(loopi); /* set task entry point */
  67              		.loc 1 112 3 discriminator 3
  68 0030 039B     		ldr	r3, [sp, #12]
  69 0032 DAB2     		uxtb	r2, r3
  70 0034 234B     		ldr	r3, .L8+8
  71 0036 1A70     		strb	r2, [r3]
 108:Modules/OS/OSAL/src/StartOS.c **** 	{
  72              		.loc 1 108 46 discriminator 3
  73 0038 039B     		ldr	r3, [sp, #12]
  74 003a 0133     		adds	r3, r3, #1
  75 003c 0393     		str	r3, [sp, #12]
  76              	.L2:
 108:Modules/OS/OSAL/src/StartOS.c **** 	{
  77              		.loc 1 108 4 discriminator 1
  78 003e 039B     		ldr	r3, [sp, #12]
  79 0040 042B     		cmp	r3, #4
  80 0042 F5D9     		bls	.L3
 113:Modules/OS/OSAL/src/StartOS.c **** 	}
 114:Modules/OS/OSAL/src/StartOS.c **** 
 115:Modules/OS/OSAL/src/StartOS.c **** 	/* set sys context */
 116:Modules/OS/OSAL/src/StartOS.c **** 	SetActualContext(CONTEXT_SYS);
  81              		.loc 1 116 2
  82 0044 204B     		ldr	r3, .L8+12
  83 0046 0422     		movs	r2, #4
  84 0048 1A70     		strb	r2, [r3]
 117:Modules/OS/OSAL/src/StartOS.c **** 
 118:Modules/OS/OSAL/src/StartOS.c **** 	/* set actual task to invalid task */
 119:Modules/OS/OSAL/src/StartOS.c **** 	SetRunningTask(INVALID_TASK);
  85              		.loc 1 119 2
  86 004a 204B     		ldr	r3, .L8+16
  87 004c FF22     		movs	r2, #255
  88 004e 1A70     		strb	r2, [r3]
 120:Modules/OS/OSAL/src/StartOS.c **** 
 121:Modules/OS/OSAL/src/StartOS.c **** 	/* add to ready the corresponding tasks for this
 122:Modules/OS/OSAL/src/StartOS.c ****     * Application Mode */
 123:Modules/OS/OSAL/src/StartOS.c **** 	for (loopi = 0; loopi < AutoStart[Mode].TotalTasks; loopi++)
  89              		.loc 1 123 13
  90 0050 0023     		movs	r3, #0
  91 0052 0393     		str	r3, [sp, #12]
  92              		.loc 1 123 2
  93 0054 0EE0     		b	.L4
  94              	.L5:
 124:Modules/OS/OSAL/src/StartOS.c **** 	{
 125:Modules/OS/OSAL/src/StartOS.c **** 		/* activate task */
 126:Modules/OS/OSAL/src/StartOS.c **** 		ActivateTask(AutoStart[Mode].TasksRef[loopi]);
  95              		.loc 1 126 31 discriminator 3
  96 0056 9DF80730 		ldrb	r3, [sp, #7]	@ zero_extendqisi2
  97 005a 1D4A     		ldr	r2, .L8+20
  98 005c DB00     		lsls	r3, r3, #3
  99 005e 1344     		add	r3, r3, r2
 100 0060 5A68     		ldr	r2, [r3, #4]
 101              		.loc 1 126 40 discriminator 3
 102 0062 039B     		ldr	r3, [sp, #12]
 103 0064 1344     		add	r3, r3, r2
 104              		.loc 1 126 3 discriminator 3
 105 0066 1B78     		ldrb	r3, [r3]	@ zero_extendqisi2
 106 0068 1846     		mov	r0, r3
 107 006a FFF7FEFF 		bl	ActivateTask
 123:Modules/OS/OSAL/src/StartOS.c **** 	{
 108              		.loc 1 123 59 discriminator 3
 109 006e 039B     		ldr	r3, [sp, #12]
 110 0070 0133     		adds	r3, r3, #1
 111 0072 0393     		str	r3, [sp, #12]
 112              	.L4:
 123:Modules/OS/OSAL/src/StartOS.c **** 	{
 113              		.loc 1 123 41 discriminator 1
 114 0074 9DF80730 		ldrb	r3, [sp, #7]	@ zero_extendqisi2
 115 0078 154A     		ldr	r2, .L8+20
 116 007a 12F83330 		ldrb	r3, [r2, r3, lsl #3]	@ zero_extendqisi2
 117 007e 1A46     		mov	r2, r3
 123:Modules/OS/OSAL/src/StartOS.c **** 	{
 118              		.loc 1 123 2 discriminator 1
 119 0080 039B     		ldr	r3, [sp, #12]
 120 0082 9342     		cmp	r3, r2
 121 0084 E7D3     		bcc	.L5
 127:Modules/OS/OSAL/src/StartOS.c **** 	}
 128:Modules/OS/OSAL/src/StartOS.c **** 
 129:Modules/OS/OSAL/src/StartOS.c **** 	for (loopi = 0; loopi < ALARM_AUTOSTART_COUNT; loopi++)
 122              		.loc 1 129 13
 123 0086 0023     		movs	r3, #0
 124 0088 0393     		str	r3, [sp, #12]
 125              		.loc 1 129 2
 126 008a 00BF     		nop
 130:Modules/OS/OSAL/src/StartOS.c **** 	{
 131:Modules/OS/OSAL/src/StartOS.c **** 		if (AutoStartAlarm[loopi].Mode == Mode)
 132:Modules/OS/OSAL/src/StartOS.c **** 		{
 133:Modules/OS/OSAL/src/StartOS.c **** 			(void)SetRelAlarm(AutoStartAlarm[loopi].Alarm, AutoStartAlarm[loopi].AlarmTime, AutoStartAlarm[l
 134:Modules/OS/OSAL/src/StartOS.c **** 		}
 135:Modules/OS/OSAL/src/StartOS.c **** 	}
 136:Modules/OS/OSAL/src/StartOS.c **** 
 137:Modules/OS/OSAL/src/StartOS.c **** #if (HOOK_STARTUPHOOK == OSEK_ENABLE)
 138:Modules/OS/OSAL/src/StartOS.c **** 	StartupHook();
 139:Modules/OS/OSAL/src/StartOS.c **** #endif
 140:Modules/OS/OSAL/src/StartOS.c **** 
 141:Modules/OS/OSAL/src/StartOS.c **** 	IntSecure_End();
 127              		.loc 1 141 2
 128 008c 0B4B     		ldr	r3, .L8
 129 008e 93F90030 		ldrsb	r3, [r3]
 130 0092 DBB2     		uxtb	r3, r3
 131 0094 013B     		subs	r3, r3, #1
 132 0096 DBB2     		uxtb	r3, r3
 133 0098 5AB2     		sxtb	r2, r3
 134 009a 084B     		ldr	r3, .L8
 135 009c 1A70     		strb	r2, [r3]
 136 009e 074B     		ldr	r3, .L8
 137 00a0 93F90030 		ldrsb	r3, [r3]
 138 00a4 002B     		cmp	r3, #0
 139 00a6 03DC     		bgt	.L6
 140              		.loc 1 141 2 is_stmt 0 discriminator 1
 141 00a8 044B     		ldr	r3, .L8
 142 00aa 0022     		movs	r2, #0
 143 00ac 1A70     		strb	r2, [r3]
 144              		.syntax unified
 145              	@ 141 "Modules/OS/OSAL/src/StartOS.c" 1
 146 00ae 62B6     		cpsie i
 147              	@ 0 "" 2
 148              		.thumb
 149              		.syntax unified
 150              	.L6:
 142:Modules/OS/OSAL/src/StartOS.c **** 
 143:Modules/OS/OSAL/src/StartOS.c **** 	/* enable all OS interrupts */
 144:Modules/OS/OSAL/src/StartOS.c **** 	EnableOSInterrupts();
 151              		.loc 1 144 2 is_stmt 1
 152              		.syntax unified
 153              	@ 144 "Modules/OS/OSAL/src/StartOS.c" 1
 154 00b0 62B6     		cpsie i
 155              	@ 0 "" 2
 145:Modules/OS/OSAL/src/StartOS.c **** 
 146:Modules/OS/OSAL/src/StartOS.c **** 	/* enable interrupts */
 147:Modules/OS/OSAL/src/StartOS.c **** 	EnableInterrupts();
 156              		.loc 1 147 2
 157              	@ 147 "Modules/OS/OSAL/src/StartOS.c" 1
 158 00b2 62B6     		cpsie i
 159              	@ 0 "" 2
 148:Modules/OS/OSAL/src/StartOS.c **** 
 149:Modules/OS/OSAL/src/StartOS.c **** 	/* call Scheduler */
 150:Modules/OS/OSAL/src/StartOS.c **** 	(void)Schedule();
 160              		.loc 1 150 8
 161              		.thumb
 162              		.syntax unified
 163 00b4 FFF7FEFF 		bl	Schedule
 164              	.L7:
 151:Modules/OS/OSAL/src/StartOS.c **** 
 152:Modules/OS/OSAL/src/StartOS.c **** 	/* this function shall never return */
 153:Modules/OS/OSAL/src/StartOS.c **** 	while(1);
 165              		.loc 1 153 7 discriminator 1
 166 00b8 FEE7     		b	.L7
 167              	.L9:
 168 00ba 00BF     		.align	2
 169              	.L8:
 170 00bc 00000000 		.word	SuspendAllInterrupts_Counter
 171 00c0 00000000 		.word	ApplicationMode
 172 00c4 00000000 		.word	TerminatingTask
 173 00c8 00000000 		.word	ActualContext
 174 00cc 00000000 		.word	RunningTask
 175 00d0 00000000 		.word	AutoStart
 176              		.cfi_endproc
 177              	.LFE0:
 179              		.text
 180              	.Letext0:
 181              		.file 2 "d:\\project\\9388\\e1\\2023_7_27\\sr5e1_l9388_freeosek\\tools\\toolchain\\arm\\mingw64_nt
 182              		.file 3 "d:\\project\\9388\\e1\\2023_7_27\\sr5e1_l9388_freeosek\\tools\\toolchain\\arm\\mingw64_nt
 183              		.file 4 "d:\\project\\9388\\e1\\2023_7_27\\sr5e1_l9388_freeosek\\tools\\toolchain\\arm\\mingw64_nt
 184              		.file 5 "d:\\project\\9388\\e1\\2023_7_27\\sr5e1_l9388_freeosek\\modules\\os\\osal\\include\\Types
 185              		.file 6 "d:\\project\\9388\\e1\\2023_7_27\\sr5e1_l9388_freeosek\\modules\\os\\osal\\include\\os.h"
 186              		.file 7 "d:\\project\\9388\\e1\\2023_7_27\\sr5e1_l9388_freeosek\\modules\\os\\osal\\include\\Os_In
 187              		.file 8 "d:\\project\\9388\\e1\\2023_7_27\\sr5e1_l9388_freeosek\\modules\\os\\osal\\include\\Os_In
 188              		.file 9 "d:\\project\\9388\\e1\\2023_7_27\\sr5e1_l9388_freeosek\\modules\\os\\osal\\include\\os_in
DEFINED SYMBOLS
                            *ABS*:00000000 StartOS.c
C:\Users\AAA\AppData\Local\Temp\ccBKA72Y.s:19     .text.StartOS:00000000 $t
C:\Users\AAA\AppData\Local\Temp\ccBKA72Y.s:26     .text.StartOS:00000000 StartOS
C:\Users\AAA\AppData\Local\Temp\ccBKA72Y.s:170    .text.StartOS:000000bc $d
                           .group:00000000 wm4.0.a614e68b47a8f647caa7e8088949ad9c
                           .group:00000000 wm4.Compiler.h.37.21976e385218db9c908e92701adcc031
                           .group:00000000 wm4.Types.h.71.4412dfbb75820d0512c0e074dd5535a3
                           .group:00000000 wm4._newlib_version.h.4.bfdf54b0af045d4a71376ae00f63a22c
                           .group:00000000 wm4.features.h.33.5bd1eea2d80518b50f7af0b5ce6750e0
                           .group:00000000 wm4._default_types.h.15.247e5cd201eca3442cbf5404108c4935
                           .group:00000000 wm4._intsup.h.10.48bafbb683905c4daa4565a85aeeb264
                           .group:00000000 wm4._stdint.h.10.c24fa3af3bc1706662bb5593a907e841
                           .group:00000000 wm4.stdint.h.23.d53047a68f4a85177f80b422d52785ed
                           .group:00000000 wm4.stdbool.h.29.07dce69c3b78884144b7f7bd19483461
                           .group:00000000 wm4.Types.h.138.ef43a0c9706bafb70401eec7b92ddf85
                           .group:00000000 wm4.Os_Cfg.h.42.548617acea3b59fe3cf9fcc181c18ad9
                           .group:00000000 wm4.Os_Arch.h.93.12102c3b0d784f7b702d5066ade693b9
                           .group:00000000 wm4.os.h.87.e22781870e0c5fc4344bfdd6275b723d
                           .group:00000000 wm4.Os_Internal_Arch.h.35.0bf3ac38e9ac5f78b2da37fa4bf34633
                           .group:00000000 wm4.stddef.h.39.27677723d43e5b5a7afdf8d798429f1d
                           .group:00000000 wm4.Os_Internal_Cfg.h.41.2874541beab7667cda0284b97947e0df
                           .group:00000000 wm4.os_internal.h.84.e9d92fe93bbc56f6b3dec8f49cbfd369

UNDEFINED SYMBOLS
StartOs_Arch
ActivateTask
Schedule
SuspendAllInterrupts_Counter
ApplicationMode
TerminatingTask
ActualContext
RunningTask
AutoStart
